{"synthetic": false,
 "schemaVersion": "2025-09-10",
 "outputs":
 {"o": ["966db9ee9a3005b2.olean"],
  "m": false,
  "i": "2983be695dd438fa.ilean",
  "c": "43e006a92e856a9a.c"},
 "log":
 [{"message":
   ".> LEAN_PATH=/home/agent/projects/proofs/lean/bdi-polytope/.lake/build/lib/lean /home/agent/.elan/toolchains/leanprover--lean4---v4.30.0/bin/lean /home/agent/projects/proofs/lean/bdi-polytope/Main.lean -o /home/agent/projects/proofs/lean/bdi-polytope/.lake/build/lib/lean/Main.olean -i /home/agent/projects/proofs/lean/bdi-polytope/.lake/build/lib/lean/Main.ilean -c /home/agent/projects/proofs/lean/bdi-polytope/.lake/build/ir/Main.c --setup /home/agent/projects/proofs/lean/bdi-polytope/.lake/build/ir/Main.setup.json --json",
   "level": "trace"}],
 "inputs":
 [["Main:deps",
   [["deps",
     [["«bdi-polytope»/«bdi-polytope»:extraDep",
       [["@«bdi-polytope»:extraDep", "00000000000006bb"]]],
      ["imports",
       [["BdiPolytope transitive imports (legacy)", "00000000000006bb"],
        ["BdiPolytope:importAllArts", "85ea94dae40e57b1"]]]]],
    ["libs",
     [["import dynlibs", "00000000000006bb"],
      ["package external libraries", "00000000000006bb"],
      ["module dynlibs", "00000000000006bb"],
      ["module plugins", "00000000000006bb"]]]]],
  ["Lean 4.30.0, commit d024af099ca4bf2c86f649261ebf59565dc8c622",
   "2f4703bb19086252"],
  ["/home/agent/projects/proofs/lean/bdi-polytope/Main.lean",
   "f5630fedd351e646"],
  ["options", "00000000000006bb"],
  ["isModule: false", "feefd2a0d3a1847e"],
  ["Module.name: Main", "f2a1fd945cf30c62"],
  ["Package.id?: (some bdi-polytope)", "9892e369361b6d70"],
  ["Module.leanArgs: #[]", "00000000000006bb"]],
 "depHash": "9aeb670b4d752da9"}